# JRE version: OpenJDK Runtime Environment (8.0_242-b01) (build 1.8.0_242-release-1644-b01)
# Java VM: OpenJDK 64-Bit Server VM (25.242-b01 mixed mode windows-amd64 compressed oops)
Heap:
 PSYoungGen      total 321024K, used 273823K [0x00000000d5580000, 0x00000000ebf00000, 0x0000000100000000)
  eden space 276992K, 90% used [0x00000000d5580000,0x00000000e49e16c0,0x00000000e6400000)
  from space 44032K, 53% used [0x00000000e9400000,0x00000000eab06668,0x00000000ebf00000)
  to   space 46592K, 0% used [0x00000000e6400000,0x00000000e6400000,0x00000000e9180000)
 ParOldGen       total 220160K, used 71357K [0x0000000080000000, 0x000000008d700000, 0x00000000d5580000)
  object space 220160K, 32% used [0x0000000080000000,0x00000000845af478,0x000000008d700000)
 Metaspace       used 94834K, capacity 100684K, committed 103384K, reserved 1138688K
  class space    used 12470K, capacity 13698K, committed 14592K, reserved 1048576K
GC Heap History (10 events):
Event: 23.622 GC heap before
{Heap before GC invocations=20 (full 3):
 PSYoungGen      total 232448K, used 232417K [0x00000000d5580000, 0x00000000e7500000, 0x0000000100000000)
  eden space 205824K, 100% used [0x00000000d5580000,0x00000000e1e80000,0x00000000e1e80000)
  from space 26624K, 99% used [0x00000000e4080000,0x00000000e5a78410,0x00000000e5a80000)
  to   space 34816K, 0% used [0x00000000e1e80000,0x00000000e1e80000,0x00000000e4080000)
 ParOldGen       total 143360K, used 71466K [0x0000000080000000, 0x0000000088c00000, 0x00000000d5580000)
  object space 143360K, 49% used [0x0000000080000000,0x00000000845caaf0,0x0000000088c00000)
 Metaspace       used 89858K, capacity 97292K, committed 97368K, reserved 1132544K
  class space    used 12583K, capacity 14182K, committed 14208K, reserved 1048576K
Event: 23.690 GC heap after
Heap after GC invocations=20 (full 3):
 PSYoungGen      total 240640K, used 34802K [0x00000000d5580000, 0x00000000ea100000, 0x0000000100000000)
  eden space 205824K, 0% used [0x00000000d5580000,0x00000000d5580000,0x00000000e1e80000)
  from space 34816K, 99% used [0x00000000e1e80000,0x00000000e407c8d8,0x00000000e4080000)
  to   space 49664K, 0% used [0x00000000e7080000,0x00000000e7080000,0x00000000ea100000)
 ParOldGen       total 143360K, used 96195K [0x0000000080000000, 0x0000000088c00000, 0x00000000d5580000)
  object space 143360K, 67% used [0x0000000080000000,0x0000000085df0d88,0x0000000088c00000)
 Metaspace       used 89858K, capacity 97292K, committed 97368K, reserved 1132544K
  class space    used 12583K, capacity 14182K, committed 14208K, reserved 1048576K
}
Event: 24.152 GC heap before
{Heap before GC invocations=21 (full 3):
 PSYoungGen      total 240640K, used 56118K [0x00000000d5580000, 0x00000000ea100000, 0x0000000100000000)
  eden space 205824K, 10% used [0x00000000d5580000,0x00000000d6a511b8,0x00000000e1e80000)
  from space 34816K, 99% used [0x00000000e1e80000,0x00000000e407c8d8,0x00000000e4080000)
  to   space 49664K, 0% used [0x00000000e7080000,0x00000000e7080000,0x00000000ea100000)
 ParOldGen       total 143360K, used 96195K [0x0000000080000000, 0x0000000088c00000, 0x00000000d5580000)
  object space 143360K, 67% used [0x0000000080000000,0x0000000085df0d88,0x0000000088c00000)
 Metaspace       used 90795K, capacity 98276K, committed 98380K, reserved 1134592K
  class space    used 12708K, capacity 14324K, committed 14336K, reserved 1048576K
Event: 24.165 GC heap after
Heap after GC invocations=21 (full 3):
 PSYoungGen      total 290304K, used 4928K [0x00000000d5580000, 0x00000000ea100000, 0x0000000100000000)
  eden space 240640K, 0% used [0x00000000d5580000,0x00000000d5580000,0x00000000e4080000)
  from space 49664K, 9% used [0x00000000e7080000,0x00000000e7550000,0x00000000ea100000)
  to   space 49152K, 0% used [0x00000000e4080000,0x00000000e4080000,0x00000000e7080000)
 ParOldGen       total 143360K, used 102103K [0x0000000080000000, 0x0000000088c00000, 0x00000000d5580000)
  object space 143360K, 71% used [0x0000000080000000,0x00000000863b5db0,0x0000000088c00000)
 Metaspace       used 90795K, capacity 98276K, committed 98380K, reserved 1134592K
  class space    used 12708K, capacity 14324K, committed 14336K, reserved 1048576K
}
Event: 24.165 GC heap before
{Heap before GC invocations=22 (full 4):
 PSYoungGen      total 290304K, used 4928K [0x00000000d5580000, 0x00000000ea100000, 0x0000000100000000)
  eden space 240640K, 0% used [0x00000000d5580000,0x00000000d5580000,0x00000000e4080000)
  from space 49664K, 9% used [0x00000000e7080000,0x00000000e7550000,0x00000000ea100000)
  to   space 49152K, 0% used [0x00000000e4080000,0x00000000e4080000,0x00000000e7080000)
 ParOldGen       total 143360K, used 102103K [0x0000000080000000, 0x0000000088c00000, 0x00000000d5580000)
  object space 143360K, 71% used [0x0000000080000000,0x00000000863b5db0,0x0000000088c00000)
 Metaspace       used 90795K, capacity 98276K, committed 98380K, reserved 1134592K
  class space    used 12708K, capacity 14324K, committed 14336K, reserved 1048576K
Event: 24.326 GC heap after
Heap after GC invocations=22 (full 4):
 PSYoungGen      total 290304K, used 0K [0x00000000d5580000, 0x00000000ea100000, 0x0000000100000000)
  eden space 240640K, 0% used [0x00000000d5580000,0x00000000d5580000,0x00000000e4080000)
  from space 49664K, 0% used [0x00000000e7080000,0x00000000e7080000,0x00000000ea100000)
  to   space 49152K, 0% used [0x00000000e4080000,0x00000000e4080000,0x00000000e7080000)
 ParOldGen       total 220160K, used 71341K [0x0000000080000000, 0x000000008d700000, 0x00000000d5580000)
  object space 220160K, 32% used [0x0000000080000000,0x00000000845ab478,0x000000008d700000)
 Metaspace       used 89096K, capacity 94294K, committed 98380K, reserved 1134592K
  class space    used 12097K, capacity 13229K, committed 14336K, reserved 1048576K
}
Event: 571.001 GC heap before
{Heap before GC invocations=23 (full 4):
 PSYoungGen      total 290304K, used 240640K [0x00000000d5580000, 0x00000000ea100000, 0x0000000100000000)
  eden space 240640K, 100% used [0x00000000d5580000,0x00000000e4080000,0x00000000e4080000)
  from space 49664K, 0% used [0x00000000e7080000,0x00000000e7080000,0x00000000ea100000)
  to   space 49152K, 0% used [0x00000000e4080000,0x00000000e4080000,0x00000000e7080000)
 ParOldGen       total 220160K, used 71341K [0x0000000080000000, 0x000000008d700000, 0x00000000d5580000)
  object space 220160K, 32% used [0x0000000080000000,0x00000000845ab478,0x000000008d700000)
 Metaspace       used 93699K, capacity 99410K, committed 102616K, reserved 1136640K
  class space    used 12420K, capacity 13613K, committed 14592K, reserved 1048576K
Event: 571.014 GC heap after
Heap after GC invocations=23 (full 4):
 PSYoungGen      total 289792K, used 10611K [0x00000000d5580000, 0x00000000ec200000, 0x0000000100000000)
  eden space 240640K, 0% used [0x00000000d5580000,0x00000000d5580000,0x00000000e4080000)
  from space 49152K, 21% used [0x00000000e4080000,0x00000000e4adcfd8,0x00000000e7080000)
  to   space 47104K, 0% used [0x00000000e9400000,0x00000000e9400000,0x00000000ec200000)
 ParOldGen       total 220160K, used 71349K [0x0000000080000000, 0x000000008d700000, 0x00000000d5580000)
  object space 220160K, 32% used [0x0000000080000000,0x00000000845ad478,0x000000008d700000)
 Metaspace       used 93699K, capacity 99410K, committed 102616K, reserved 1136640K
  class space    used 12420K, capacity 13613K, committed 14592K, reserved 1048576K
}
Event: 573.180 GC heap before
{Heap before GC invocations=24 (full 4):
 PSYoungGen      total 289792K, used 251251K [0x00000000d5580000, 0x00000000ec200000, 0x0000000100000000)
  eden space 240640K, 100% used [0x00000000d5580000,0x00000000e4080000,0x00000000e4080000)
  from space 49152K, 21% used [0x00000000e4080000,0x00000000e4adcfd8,0x00000000e7080000)
  to   space 47104K, 0% used [0x00000000e9400000,0x00000000e9400000,0x00000000ec200000)
 ParOldGen       total 220160K, used 71349K [0x0000000080000000, 0x000000008d700000, 0x00000000d5580000)
  object space 220160K, 32% used [0x0000000080000000,0x00000000845ad478,0x000000008d700000)
 Metaspace       used 94298K, capacity 100068K, committed 103128K, reserved 1138688K
  class space    used 12441K, capacity 13642K, committed 14592K, reserved 1048576K
Event: 573.204 GC heap after
Heap after GC invocations=24 (full 4):
 PSYoungGen      total 321024K, used 23577K [0x00000000d5580000, 0x00000000ebf00000, 0x0000000100000000)
  eden space 276992K, 0% used [0x00000000d5580000,0x00000000d5580000,0x00000000e6400000)
  from space 44032K, 53% used [0x00000000e9400000,0x00000000eab06668,0x00000000ebf00000)
  to   space 46592K, 0% used [0x00000000e6400000,0x00000000e6400000,0x00000000e9180000)
 ParOldGen       total 220160K, used 71357K [0x0000000080000000, 0x000000008d700000, 0x00000000d5580000)
  object space 220160K, 32% used [0x0000000080000000,0x00000000845af478,0x000000008d700000)
 Metaspace       used 94298K, capacity 100068K, committed 103128K, reserved 1138688K
  class space    used 12441K, capacity 13642K, committed 14592K, reserved 1048576K
}

