# JRE version: OpenJDK Runtime Environment (8.0_242-b01) (build 1.8.0_242-release-1644-b01)
# Java VM: OpenJDK 64-Bit Server VM (25.242-b01 mixed mode windows-amd64 compressed oops)
Heap:
 PSYoungGen      total 271360K, used 17233K [0x00000000d5580000, 0x00000000eb700000, 0x0000000100000000)
  eden space 237568K, 7% used [0x00000000d5580000,0x00000000d66545d0,0x00000000e3d80000)
  from space 33792K, 0% used [0x00000000e3d80000,0x00000000e3d80000,0x00000000e5e80000)
  to   space 43520K, 0% used [0x00000000e8c80000,0x00000000e8c80000,0x00000000eb700000)
 ParOldGen       total 226304K, used 85632K [0x0000000080000000, 0x000000008dd00000, 0x00000000d5580000)
  object space 226304K, 37% used [0x0000000080000000,0x00000000853a0230,0x000000008dd00000)
 Metaspace       used 90829K, capacity 96428K, committed 99148K, reserved 1136640K
  class space    used 12078K, capacity 13236K, committed 14080K, reserved 1048576K
GC Heap History (10 events):
Event: 11.102 GC heap before
{Heap before GC invocations=17 (full 3):
 PSYoungGen      total 199168K, used 199154K [0x00000000d5580000, 0x00000000e5500000, 0x0000000100000000)
  eden space 182272K, 100% used [0x00000000d5580000,0x00000000e0780000,0x00000000e0780000)
  from space 16896K, 99% used [0x00000000e0780000,0x00000000e17fc838,0x00000000e1800000)
  to   space 22016K, 0% used [0x00000000e3f80000,0x00000000e3f80000,0x00000000e5500000)
 ParOldGen       total 138752K, used 45189K [0x0000000080000000, 0x0000000088780000, 0x00000000d5580000)
  object space 138752K, 32% used [0x0000000080000000,0x0000000082c216a0,0x0000000088780000)
 Metaspace       used 70628K, capacity 74950K, committed 75096K, reserved 1114112K
  class space    used 9682K, capacity 10606K, committed 10624K, reserved 1048576K
Event: 11.120 GC heap after
Heap after GC invocations=17 (full 3):
 PSYoungGen      total 233472K, used 12792K [0x00000000d5580000, 0x00000000e5180000, 0x0000000100000000)
  eden space 215040K, 0% used [0x00000000d5580000,0x00000000d5580000,0x00000000e2780000)
  from space 18432K, 69% used [0x00000000e3f80000,0x00000000e4bfe2d0,0x00000000e5180000)
  to   space 21504K, 0% used [0x00000000e2780000,0x00000000e2780000,0x00000000e3c80000)
 ParOldGen       total 138752K, used 59739K [0x0000000080000000, 0x0000000088780000, 0x00000000d5580000)
  object space 138752K, 43% used [0x0000000080000000,0x0000000083a56e60,0x0000000088780000)
 Metaspace       used 70628K, capacity 74950K, committed 75096K, reserved 1114112K
  class space    used 9682K, capacity 10606K, committed 10624K, reserved 1048576K
}
Event: 57.180 GC heap before
{Heap before GC invocations=18 (full 3):
 PSYoungGen      total 233472K, used 227832K [0x00000000d5580000, 0x00000000e5180000, 0x0000000100000000)
  eden space 215040K, 100% used [0x00000000d5580000,0x00000000e2780000,0x00000000e2780000)
  from space 18432K, 69% used [0x00000000e3f80000,0x00000000e4bfe2d0,0x00000000e5180000)
  to   space 21504K, 0% used [0x00000000e2780000,0x00000000e2780000,0x00000000e3c80000)
 ParOldGen       total 138752K, used 59739K [0x0000000080000000, 0x0000000088780000, 0x00000000d5580000)
  object space 138752K, 43% used [0x0000000080000000,0x0000000083a56e60,0x0000000088780000)
 Metaspace       used 81395K, capacity 86156K, committed 86360K, reserved 1124352K
  class space    used 10804K, capacity 11810K, committed 11904K, reserved 1048576K
Event: 57.200 GC heap after
Heap after GC invocations=18 (full 3):
 PSYoungGen      total 236544K, used 21224K [0x00000000d5580000, 0x00000000e7680000, 0x0000000100000000)
  eden space 215040K, 0% used [0x00000000d5580000,0x00000000d5580000,0x00000000e2780000)
  from space 21504K, 98% used [0x00000000e2780000,0x00000000e3c3a238,0x00000000e3c80000)
  to   space 24576K, 0% used [0x00000000e5e80000,0x00000000e5e80000,0x00000000e7680000)
 ParOldGen       total 138752K, used 59747K [0x0000000080000000, 0x0000000088780000, 0x00000000d5580000)
  object space 138752K, 43% used [0x0000000080000000,0x0000000083a58e60,0x0000000088780000)
 Metaspace       used 81395K, capacity 86156K, committed 86360K, reserved 1124352K
  class space    used 10804K, capacity 11810K, committed 11904K, reserved 1048576K
}
Event: 58.644 GC heap before
{Heap before GC invocations=19 (full 3):
 PSYoungGen      total 236544K, used 236264K [0x00000000d5580000, 0x00000000e7680000, 0x0000000100000000)
  eden space 215040K, 100% used [0x00000000d5580000,0x00000000e2780000,0x00000000e2780000)
  from space 21504K, 98% used [0x00000000e2780000,0x00000000e3c3a238,0x00000000e3c80000)
  to   space 24576K, 0% used [0x00000000e5e80000,0x00000000e5e80000,0x00000000e7680000)
 ParOldGen       total 138752K, used 59747K [0x0000000080000000, 0x0000000088780000, 0x00000000d5580000)
  object space 138752K, 43% used [0x0000000080000000,0x0000000083a58e60,0x0000000088780000)
 Metaspace       used 82852K, capacity 87924K, committed 88024K, reserved 1126400K
  class space    used 10913K, capacity 11994K, committed 12032K, reserved 1048576K
Event: 58.693 GC heap after
Heap after GC invocations=19 (full 3):
 PSYoungGen      total 262144K, used 24544K [0x00000000d5580000, 0x00000000e9180000, 0x0000000100000000)
  eden space 237568K, 0% used [0x00000000d5580000,0x00000000d5580000,0x00000000e3d80000)
  from space 24576K, 99% used [0x00000000e5e80000,0x00000000e7678110,0x00000000e7680000)
  to   space 33792K, 0% used [0x00000000e3d80000,0x00000000e3d80000,0x00000000e5e80000)
 ParOldGen       total 138752K, used 76410K [0x0000000080000000, 0x0000000088780000, 0x00000000d5580000)
  object space 138752K, 55% used [0x0000000080000000,0x0000000084a9e9a0,0x0000000088780000)
 Metaspace       used 82852K, capacity 87924K, committed 88024K, reserved 1126400K
  class space    used 10913K, capacity 11994K, committed 12032K, reserved 1048576K
}
Event: 59.385 GC heap before
{Heap before GC invocations=20 (full 3):
 PSYoungGen      total 262144K, used 134453K [0x00000000d5580000, 0x00000000e9180000, 0x0000000100000000)
  eden space 237568K, 46% used [0x00000000d5580000,0x00000000dc0d53d0,0x00000000e3d80000)
  from space 24576K, 99% used [0x00000000e5e80000,0x00000000e7678110,0x00000000e7680000)
  to   space 33792K, 0% used [0x00000000e3d80000,0x00000000e3d80000,0x00000000e5e80000)
 ParOldGen       total 138752K, used 76410K [0x0000000080000000, 0x0000000088780000, 0x00000000d5580000)
  object space 138752K, 55% used [0x0000000080000000,0x0000000084a9e9a0,0x0000000088780000)
 Metaspace       used 91238K, capacity 98246K, committed 98380K, reserved 1134592K
  class space    used 12439K, capacity 13967K, committed 14080K, reserved 1048576K
Event: 59.418 GC heap after
Heap after GC invocations=20 (full 3):
 PSYoungGen      total 271360K, used 33763K [0x00000000d5580000, 0x00000000eb700000, 0x0000000100000000)
  eden space 237568K, 0% used [0x00000000d5580000,0x00000000d5580000,0x00000000e3d80000)
  from space 33792K, 99% used [0x00000000e3d80000,0x00000000e5e78ef8,0x00000000e5e80000)
  to   space 43520K, 0% used [0x00000000e8c80000,0x00000000e8c80000,0x00000000eb700000)
 ParOldGen       total 138752K, used 88822K [0x0000000080000000, 0x0000000088780000, 0x00000000d5580000)
  object space 138752K, 64% used [0x0000000080000000,0x00000000856bd9b0,0x0000000088780000)
 Metaspace       used 91238K, capacity 98246K, committed 98380K, reserved 1134592K
  class space    used 12439K, capacity 13967K, committed 14080K, reserved 1048576K
}
Event: 59.418 GC heap before
{Heap before GC invocations=21 (full 4):
 PSYoungGen      total 271360K, used 33763K [0x00000000d5580000, 0x00000000eb700000, 0x0000000100000000)
  eden space 237568K, 0% used [0x00000000d5580000,0x00000000d5580000,0x00000000e3d80000)
  from space 33792K, 99% used [0x00000000e3d80000,0x00000000e5e78ef8,0x00000000e5e80000)
  to   space 43520K, 0% used [0x00000000e8c80000,0x00000000e8c80000,0x00000000eb700000)
 ParOldGen       total 138752K, used 88822K [0x0000000080000000, 0x0000000088780000, 0x00000000d5580000)
  object space 138752K, 64% used [0x0000000080000000,0x00000000856bd9b0,0x0000000088780000)
 Metaspace       used 91238K, capacity 98246K, committed 98380K, reserved 1134592K
  class space    used 12439K, capacity 13967K, committed 14080K, reserved 1048576K
Event: 59.600 GC heap after
Heap after GC invocations=21 (full 4):
 PSYoungGen      total 271360K, used 0K [0x00000000d5580000, 0x00000000eb700000, 0x0000000100000000)
  eden space 237568K, 0% used [0x00000000d5580000,0x00000000d5580000,0x00000000e3d80000)
  from space 33792K, 0% used [0x00000000e3d80000,0x00000000e3d80000,0x00000000e5e80000)
  to   space 43520K, 0% used [0x00000000e8c80000,0x00000000e8c80000,0x00000000eb700000)
 ParOldGen       total 226304K, used 85632K [0x0000000080000000, 0x000000008dd00000, 0x00000000d5580000)
  object space 226304K, 37% used [0x0000000080000000,0x00000000853a0230,0x000000008dd00000)
 Metaspace       used 89844K, capacity 95114K, committed 98380K, reserved 1134592K
  class space    used 11934K, capacity 13059K, committed 14080K, reserved 1048576K
}

