# JRE version: OpenJDK Runtime Environment (8.0_242-b01) (build 1.8.0_242-release-1644-b01)
# Java VM: OpenJDK 64-Bit Server VM (25.242-b01 mixed mode windows-amd64 compressed oops)
Heap:
 PSYoungGen      total 189952K, used 83447K [0x00000000d5580000, 0x00000000e4b00000, 0x0000000100000000)
  eden space 166400K, 35% used [0x00000000d5580000,0x00000000d8fffa18,0x00000000df800000)
  from space 23552K, 99% used [0x00000000df800000,0x00000000e0efe4d0,0x00000000e0f00000)
  to   space 29696K, 0% used [0x00000000e2e00000,0x00000000e2e00000,0x00000000e4b00000)
 ParOldGen       total 152064K, used 58640K [0x0000000080000000, 0x0000000089480000, 0x00000000d5580000)
  object space 152064K, 38% used [0x0000000080000000,0x00000000839441d0,0x0000000089480000)
 Metaspace       used 75765K, capacity 80916K, committed 81240K, reserved 1118208K
  class space    used 10407K, capacity 11523K, committed 11648K, reserved 1048576K
GC Heap History (10 events):
Event: 10.062 GC heap before
{Heap before GC invocations=14 (full 2):
 PSYoungGen      total 153600K, used 96378K [0x00000000d5580000, 0x00000000e0480000, 0x0000000100000000)
  eden space 141824K, 59% used [0x00000000d5580000,0x00000000da81f6c0,0x00000000de000000)
  from space 11776K, 99% used [0x00000000de000000,0x00000000deb7f300,0x00000000deb80000)
  to   space 15360K, 0% used [0x00000000df580000,0x00000000df580000,0x00000000e0480000)
 ParOldGen       total 93184K, used 20946K [0x0000000080000000, 0x0000000085b00000, 0x00000000d5580000)
  object space 93184K, 22% used [0x0000000080000000,0x0000000081474850,0x0000000085b00000)
 Metaspace       used 56124K, capacity 58840K, committed 58968K, reserved 1099776K
  class space    used 7643K, capacity 8209K, committed 8320K, reserved 1048576K
Event: 10.079 GC heap after
Heap after GC invocations=14 (full 2):
 PSYoungGen      total 159232K, used 15344K [0x00000000d5580000, 0x00000000e2000000, 0x0000000100000000)
  eden space 143872K, 0% used [0x00000000d5580000,0x00000000d5580000,0x00000000de200000)
  from space 15360K, 99% used [0x00000000df580000,0x00000000e047c150,0x00000000e0480000)
  to   space 19968K, 0% used [0x00000000de200000,0x00000000de200000,0x00000000df580000)
 ParOldGen       total 93184K, used 28367K [0x0000000080000000, 0x0000000085b00000, 0x00000000d5580000)
  object space 93184K, 30% used [0x0000000080000000,0x0000000081bb3ed0,0x0000000085b00000)
 Metaspace       used 56124K, capacity 58840K, committed 58968K, reserved 1099776K
  class space    used 7643K, capacity 8209K, committed 8320K, reserved 1048576K
}
Event: 10.079 GC heap before
{Heap before GC invocations=15 (full 3):
 PSYoungGen      total 159232K, used 15344K [0x00000000d5580000, 0x00000000e2000000, 0x0000000100000000)
  eden space 143872K, 0% used [0x00000000d5580000,0x00000000d5580000,0x00000000de200000)
  from space 15360K, 99% used [0x00000000df580000,0x00000000e047c150,0x00000000e0480000)
  to   space 19968K, 0% used [0x00000000de200000,0x00000000de200000,0x00000000df580000)
 ParOldGen       total 93184K, used 28367K [0x0000000080000000, 0x0000000085b00000, 0x00000000d5580000)
  object space 93184K, 30% used [0x0000000080000000,0x0000000081bb3ed0,0x0000000085b00000)
 Metaspace       used 56124K, capacity 58840K, committed 58968K, reserved 1099776K
  class space    used 7643K, capacity 8209K, committed 8320K, reserved 1048576K
Event: 10.282 GC heap after
Heap after GC invocations=15 (full 3):
 PSYoungGen      total 159232K, used 0K [0x00000000d5580000, 0x00000000e2000000, 0x0000000100000000)
  eden space 143872K, 0% used [0x00000000d5580000,0x00000000d5580000,0x00000000de200000)
  from space 15360K, 0% used [0x00000000df580000,0x00000000df580000,0x00000000e0480000)
  to   space 19968K, 0% used [0x00000000de200000,0x00000000de200000,0x00000000df580000)
 ParOldGen       total 152064K, used 35709K [0x0000000080000000, 0x0000000089480000, 0x00000000d5580000)
  object space 152064K, 23% used [0x0000000080000000,0x00000000822df728,0x0000000089480000)
 Metaspace       used 56076K, capacity 58678K, committed 58968K, reserved 1099776K
  class space    used 7628K, capacity 8182K, committed 8320K, reserved 1048576K
}
Event: 12.224 GC heap before
{Heap before GC invocations=16 (full 3):
 PSYoungGen      total 159232K, used 143872K [0x00000000d5580000, 0x00000000e2000000, 0x0000000100000000)
  eden space 143872K, 100% used [0x00000000d5580000,0x00000000de200000,0x00000000de200000)
  from space 15360K, 0% used [0x00000000df580000,0x00000000df580000,0x00000000e0480000)
  to   space 19968K, 0% used [0x00000000de200000,0x00000000de200000,0x00000000df580000)
 ParOldGen       total 152064K, used 35709K [0x0000000080000000, 0x0000000089480000, 0x00000000d5580000)
  object space 152064K, 23% used [0x0000000080000000,0x00000000822df728,0x0000000089480000)
 Metaspace       used 62203K, capacity 65808K, committed 65880K, reserved 1105920K
  class space    used 8499K, capacity 9328K, committed 9344K, reserved 1048576K
Event: 12.244 GC heap after
Heap after GC invocations=16 (full 3):
 PSYoungGen      total 163840K, used 19940K [0x00000000d5580000, 0x00000000e2580000, 0x0000000100000000)
  eden space 143872K, 0% used [0x00000000d5580000,0x00000000d5580000,0x00000000de200000)
  from space 19968K, 99% used [0x00000000de200000,0x00000000df579248,0x00000000df580000)
  to   space 23040K, 0% used [0x00000000e0f00000,0x00000000e0f00000,0x00000000e2580000)
 ParOldGen       total 152064K, used 36231K [0x0000000080000000, 0x0000000089480000, 0x00000000d5580000)
  object space 152064K, 23% used [0x0000000080000000,0x0000000082361e48,0x0000000089480000)
 Metaspace       used 62203K, capacity 65808K, committed 65880K, reserved 1105920K
  class space    used 8499K, capacity 9328K, committed 9344K, reserved 1048576K
}
Event: 14.214 GC heap before
{Heap before GC invocations=17 (full 3):
 PSYoungGen      total 163840K, used 163812K [0x00000000d5580000, 0x00000000e2580000, 0x0000000100000000)
  eden space 143872K, 100% used [0x00000000d5580000,0x00000000de200000,0x00000000de200000)
  from space 19968K, 99% used [0x00000000de200000,0x00000000df579248,0x00000000df580000)
  to   space 23040K, 0% used [0x00000000e0f00000,0x00000000e0f00000,0x00000000e2580000)
 ParOldGen       total 152064K, used 36231K [0x0000000080000000, 0x0000000089480000, 0x00000000d5580000)
  object space 152064K, 23% used [0x0000000080000000,0x0000000082361e48,0x0000000089480000)
 Metaspace       used 68389K, capacity 72430K, committed 72536K, reserved 1112064K
  class space    used 9399K, capacity 10329K, committed 10368K, reserved 1048576K
Event: 14.239 GC heap after
Heap after GC invocations=17 (full 3):
 PSYoungGen      total 189440K, used 15998K [0x00000000d5580000, 0x00000000e2680000, 0x0000000100000000)
  eden space 166400K, 0% used [0x00000000d5580000,0x00000000d5580000,0x00000000df800000)
  from space 23040K, 69% used [0x00000000e0f00000,0x00000000e1e9f8f8,0x00000000e2580000)
  to   space 23552K, 0% used [0x00000000df800000,0x00000000df800000,0x00000000e0f00000)
 ParOldGen       total 152064K, used 52158K [0x0000000080000000, 0x0000000089480000, 0x00000000d5580000)
  object space 152064K, 34% used [0x0000000080000000,0x00000000832ef948,0x0000000089480000)
 Metaspace       used 68389K, capacity 72430K, committed 72536K, reserved 1112064K
  class space    used 9399K, capacity 10329K, committed 10368K, reserved 1048576K
}
Event: 16.471 GC heap before
{Heap before GC invocations=18 (full 3):
 PSYoungGen      total 189440K, used 182398K [0x00000000d5580000, 0x00000000e2680000, 0x0000000100000000)
  eden space 166400K, 100% used [0x00000000d5580000,0x00000000df800000,0x00000000df800000)
  from space 23040K, 69% used [0x00000000e0f00000,0x00000000e1e9f8f8,0x00000000e2580000)
  to   space 23552K, 0% used [0x00000000df800000,0x00000000df800000,0x00000000e0f00000)
 ParOldGen       total 152064K, used 52158K [0x0000000080000000, 0x0000000089480000, 0x00000000d5580000)
  object space 152064K, 34% used [0x0000000080000000,0x00000000832ef948,0x0000000089480000)
 Metaspace       used 75553K, capacity 80682K, committed 80856K, reserved 1118208K
  class space    used 10403K, capacity 11516K, committed 11520K, reserved 1048576K
Event: 16.492 GC heap after
Heap after GC invocations=18 (full 3):
 PSYoungGen      total 189952K, used 23545K [0x00000000d5580000, 0x00000000e4b00000, 0x0000000100000000)
  eden space 166400K, 0% used [0x00000000d5580000,0x00000000d5580000,0x00000000df800000)
  from space 23552K, 99% used [0x00000000df800000,0x00000000e0efe4d0,0x00000000e0f00000)
  to   space 29696K, 0% used [0x00000000e2e00000,0x00000000e2e00000,0x00000000e4b00000)
 ParOldGen       total 152064K, used 58640K [0x0000000080000000, 0x0000000089480000, 0x00000000d5580000)
  object space 152064K, 38% used [0x0000000080000000,0x00000000839441d0,0x0000000089480000)
 Metaspace       used 75553K, capacity 80682K, committed 80856K, reserved 1118208K
  class space    used 10403K, capacity 11516K, committed 11520K, reserved 1048576K
}

